{"message":"Artwork with id {showartwork_id} not found","level":"error"}
{"message":"Artwork with id 7e81f1e9-1d4b-4c95-af66-47189010ee14 is uploaded!","level":"info"}
{"message":"Artwork with id 03862639-c191-490d-a173-f379f4dcbf05 is uploaded!","level":"info"}
{"message":"Artwork with id 53195744-414a-4fdc-8a9d-3188a7df06c8 is uploaded!","level":"info"}
{"message":"Artwork with id 906d56ba-6475-43cc-866a-31b7936c11f0 is uploaded!","level":"info"}
{"message":"image is required","level":"error"}
{"message":"image is required","level":"error"}
{"message":"image is required","level":"error"}
{"message":"image is required","level":"error"}
{"message":"image is required","level":"error"}
{"message":"image is required","level":"error"}
{"message":"title is required","level":"error"}
{"message":"Artwork with id e508b953-6763-44c0-b173-80dcec38e2c4 is uploaded!","level":"info"}
{"message":"Artwork with id ee876ca2-d6a9-4181-ad81-c0b17d2b1c2f is uploaded!","level":"info"}
{"message":"image is required","level":"error"}
{"message":"Artwork with id 7310737b-795b-414a-80f3-af2ae01be60c is uploaded!","level":"info"}
{"message":"Artwork with id f7953755-fb57-407a-8676-d17a4a122387 is uploaded!","level":"info"}
{"message":"Artwork with id ebfda41a-078d-41b8-b1a8-ea41dbf75a40 is uploaded!","level":"info"}
{"message":"Artwork with id 3d031583-5367-40d9-a510-1fdf2a88b78d is uploaded!","level":"info"}
{"message":"Artwork with id 3b266304-b9a1-4a2c-a648-5097781756d5 is uploaded!","level":"info"}
{"message":"Artwork with id a810c8c6-602b-4e50-89c9-e40e005a2742 is uploaded!","level":"info"}
{"message":"image is required","level":"error"}
{"level":"error"}
{"level":"error"}
{"level":"error"}
{"level":"error"}
{"level":"error"}
{"level":"error"}
{"level":"error"}
{"level":"error"}
{"level":"error"}
{"level":"error"}
{"level":"error"}
{"level":"error"}
{"level":"error"}
{"level":"error"}
